# JRE version: Java(TM) SE Runtime Environment (8.0_191-b12) (build 1.8.0_191-b12)
# Java VM: Java HotSpot(TM) 64-Bit Server VM (25.191-b12 mixed mode windows-amd64 compressed oops)
Heap:
 PSYoungGen      total 204800K, used 52082K [0x00000000e0000000, 0x00000000efc80000, 0x0000000100000000)
  eden space 183808K, 16% used [0x00000000e0000000,0x00000000e1e60348,0x00000000eb380000)
  from space 20992K, 99% used [0x00000000eb380000,0x00000000ec7fc860,0x00000000ec800000)
  to   space 28160K, 0% used [0x00000000ee100000,0x00000000ee100000,0x00000000efc80000)
 ParOldGen       total 135168K, used 40465K [0x00000000a0000000, 0x00000000a8400000, 0x00000000e0000000)
  object space 135168K, 29% used [0x00000000a0000000,0x00000000a27845c0,0x00000000a8400000)
 Metaspace       used 80932K, capacity 83956K, committed 83968K, reserved 1122304K
  class space    used 10878K, capacity 11519K, committed 11520K, reserved 1048576K
GC Heap History (10 events):
Event: 13.907 GC heap before
{Heap before GC invocations=14 (full 2):
 PSYoungGen      total 158208K, used 30589K [0x00000000e0000000, 0x00000000ec400000, 0x0000000100000000)
  eden space 144384K, 11% used [0x00000000e0000000,0x00000000e105ff50,0x00000000e8d00000)
  from space 13824K, 99% used [0x00000000e8d00000,0x00000000e9a7f520,0x00000000e9a80000)
  to   space 17920K, 0% used [0x00000000eb280000,0x00000000eb280000,0x00000000ec400000)
 ParOldGen       total 89600K, used 26739K [0x00000000a0000000, 0x00000000a5780000, 0x00000000e0000000)
  object space 89600K, 29% used [0x00000000a0000000,0x00000000a1a1cee0,0x00000000a5780000)
 Metaspace       used 57356K, capacity 58922K, committed 59028K, reserved 1099776K
  class space    used 7978K, capacity 8342K, committed 8448K, reserved 1048576K
Event: 13.924 GC heap after
Heap after GC invocations=14 (full 2):
 PSYoungGen      total 182272K, used 1819K [0x00000000e0000000, 0x00000000ed380000, 0x0000000100000000)
  eden space 164352K, 0% used [0x00000000e0000000,0x00000000e0000000,0x00000000ea080000)
  from space 17920K, 10% used [0x00000000eb280000,0x00000000eb446ec8,0x00000000ec400000)
  to   space 18432K, 0% used [0x00000000ea080000,0x00000000ea080000,0x00000000eb280000)
 ParOldGen       total 89600K, used 32817K [0x00000000a0000000, 0x00000000a5780000, 0x00000000e0000000)
  object space 89600K, 36% used [0x00000000a0000000,0x00000000a200c568,0x00000000a5780000)
 Metaspace       used 57356K, capacity 58922K, committed 59028K, reserved 1099776K
  class space    used 7978K, capacity 8342K, committed 8448K, reserved 1048576K
}
Event: 13.924 GC heap before
{Heap before GC invocations=15 (full 3):
 PSYoungGen      total 182272K, used 1819K [0x00000000e0000000, 0x00000000ed380000, 0x0000000100000000)
  eden space 164352K, 0% used [0x00000000e0000000,0x00000000e0000000,0x00000000ea080000)
  from space 17920K, 10% used [0x00000000eb280000,0x00000000eb446ec8,0x00000000ec400000)
  to   space 18432K, 0% used [0x00000000ea080000,0x00000000ea080000,0x00000000eb280000)
 ParOldGen       total 89600K, used 32817K [0x00000000a0000000, 0x00000000a5780000, 0x00000000e0000000)
  object space 89600K, 36% used [0x00000000a0000000,0x00000000a200c568,0x00000000a5780000)
 Metaspace       used 57356K, capacity 58922K, committed 59028K, reserved 1099776K
  class space    used 7978K, capacity 8342K, committed 8448K, reserved 1048576K
Event: 14.453 GC heap after
Heap after GC invocations=15 (full 3):
 PSYoungGen      total 182272K, used 0K [0x00000000e0000000, 0x00000000ed380000, 0x0000000100000000)
  eden space 164352K, 0% used [0x00000000e0000000,0x00000000e0000000,0x00000000ea080000)
  from space 17920K, 0% used [0x00000000eb280000,0x00000000eb280000,0x00000000ec400000)
  to   space 18432K, 0% used [0x00000000ea080000,0x00000000ea080000,0x00000000eb280000)
 ParOldGen       total 135168K, used 28322K [0x00000000a0000000, 0x00000000a8400000, 0x00000000e0000000)
  object space 135168K, 20% used [0x00000000a0000000,0x00000000a1ba8b90,0x00000000a8400000)
 Metaspace       used 57356K, capacity 58922K, committed 59028K, reserved 1099776K
  class space    used 7978K, capacity 8342K, committed 8448K, reserved 1048576K
}
Event: 19.562 GC heap before
{Heap before GC invocations=16 (full 3):
 PSYoungGen      total 182272K, used 164352K [0x00000000e0000000, 0x00000000ed380000, 0x0000000100000000)
  eden space 164352K, 100% used [0x00000000e0000000,0x00000000ea080000,0x00000000ea080000)
  from space 17920K, 0% used [0x00000000eb280000,0x00000000eb280000,0x00000000ec400000)
  to   space 18432K, 0% used [0x00000000ea080000,0x00000000ea080000,0x00000000eb280000)
 ParOldGen       total 135168K, used 28322K [0x00000000a0000000, 0x00000000a8400000, 0x00000000e0000000)
  object space 135168K, 20% used [0x00000000a0000000,0x00000000a1ba8b90,0x00000000a8400000)
 Metaspace       used 61894K, capacity 63886K, committed 64128K, reserved 1103872K
  class space    used 8585K, capacity 8992K, committed 9088K, reserved 1048576K
Event: 19.577 GC heap after
Heap after GC invocations=16 (full 3):
 PSYoungGen      total 182784K, used 11258K [0x00000000e0000000, 0x00000000edb80000, 0x0000000100000000)
  eden space 164352K, 0% used [0x00000000e0000000,0x00000000e0000000,0x00000000ea080000)
  from space 18432K, 61% used [0x00000000ea080000,0x00000000eab7e848,0x00000000eb280000)
  to   space 18432K, 0% used [0x00000000ec980000,0x00000000ec980000,0x00000000edb80000)
 ParOldGen       total 135168K, used 28330K [0x00000000a0000000, 0x00000000a8400000, 0x00000000e0000000)
  object space 135168K, 20% used [0x00000000a0000000,0x00000000a1baab90,0x00000000a8400000)
 Metaspace       used 61894K, capacity 63886K, committed 64128K, reserved 1103872K
  class space    used 8585K, capacity 8992K, committed 9088K, reserved 1048576K
}
Event: 57.534 GC heap before
{Heap before GC invocations=17 (full 3):
 PSYoungGen      total 182784K, used 175610K [0x00000000e0000000, 0x00000000edb80000, 0x0000000100000000)
  eden space 164352K, 100% used [0x00000000e0000000,0x00000000ea080000,0x00000000ea080000)
  from space 18432K, 61% used [0x00000000ea080000,0x00000000eab7e848,0x00000000eb280000)
  to   space 18432K, 0% used [0x00000000ec980000,0x00000000ec980000,0x00000000edb80000)
 ParOldGen       total 135168K, used 28330K [0x00000000a0000000, 0x00000000a8400000, 0x00000000e0000000)
  object space 135168K, 20% used [0x00000000a0000000,0x00000000a1baab90,0x00000000a8400000)
 Metaspace       used 67657K, capacity 69836K, committed 70016K, reserved 1110016K
  class space    used 9081K, capacity 9553K, committed 9600K, reserved 1048576K
Event: 57.568 GC heap after
Heap after GC invocations=17 (full 3):
 PSYoungGen      total 202240K, used 17626K [0x00000000e0000000, 0x00000000edc80000, 0x0000000100000000)
  eden space 183808K, 0% used [0x00000000e0000000,0x00000000e0000000,0x00000000eb380000)
  from space 18432K, 95% used [0x00000000ec980000,0x00000000edab6b10,0x00000000edb80000)
  to   space 20992K, 0% used [0x00000000eb380000,0x00000000eb380000,0x00000000ec800000)
 ParOldGen       total 135168K, used 28338K [0x00000000a0000000, 0x00000000a8400000, 0x00000000e0000000)
  object space 135168K, 20% used [0x00000000a0000000,0x00000000a1bacb90,0x00000000a8400000)
 Metaspace       used 67657K, capacity 69836K, committed 70016K, reserved 1110016K
  class space    used 9081K, capacity 9553K, committed 9600K, reserved 1048576K
}
Event: 79.333 GC heap before
{Heap before GC invocations=18 (full 3):
 PSYoungGen      total 202240K, used 201434K [0x00000000e0000000, 0x00000000edc80000, 0x0000000100000000)
  eden space 183808K, 100% used [0x00000000e0000000,0x00000000eb380000,0x00000000eb380000)
  from space 18432K, 95% used [0x00000000ec980000,0x00000000edab6b10,0x00000000edb80000)
  to   space 20992K, 0% used [0x00000000eb380000,0x00000000eb380000,0x00000000ec800000)
 ParOldGen       total 135168K, used 28338K [0x00000000a0000000, 0x00000000a8400000, 0x00000000e0000000)
  object space 135168K, 20% used [0x00000000a0000000,0x00000000a1bacb90,0x00000000a8400000)
 Metaspace       used 80071K, capacity 82950K, committed 83072K, reserved 1120256K
  class space    used 10727K, capacity 11360K, committed 11392K, reserved 1048576K
Event: 79.391 GC heap after
Heap after GC invocations=18 (full 3):
 PSYoungGen      total 204800K, used 20978K [0x00000000e0000000, 0x00000000efc80000, 0x0000000100000000)
  eden space 183808K, 0% used [0x00000000e0000000,0x00000000e0000000,0x00000000eb380000)
  from space 20992K, 99% used [0x00000000eb380000,0x00000000ec7fc860,0x00000000ec800000)
  to   space 28160K, 0% used [0x00000000ee100000,0x00000000ee100000,0x00000000efc80000)
 ParOldGen       total 135168K, used 40465K [0x00000000a0000000, 0x00000000a8400000, 0x00000000e0000000)
  object space 135168K, 29% used [0x00000000a0000000,0x00000000a27845c0,0x00000000a8400000)
 Metaspace       used 80071K, capacity 82950K, committed 83072K, reserved 1120256K
  class space    used 10727K, capacity 11360K, committed 11392K, reserved 1048576K
}

