# JRE version: Java(TM) SE Runtime Environment (8.0_191-b12) (build 1.8.0_191-b12)
# Java VM: Java HotSpot(TM) 64-Bit Server VM (25.191-b12 mixed mode windows-amd64 compressed oops)
Heap:
 PSYoungGen      total 65536K, used 14638K [0x00000000e0000000, 0x00000000e4d00000, 0x0000000100000000)
  eden space 55296K, 16% used [0x00000000e0000000,0x00000000e08f8560,0x00000000e3600000)
  from space 10240K, 53% used [0x00000000e4000000,0x00000000e4553590,0x00000000e4a00000)
  to   space 10240K, 0% used [0x00000000e3600000,0x00000000e3600000,0x00000000e4000000)
 ParOldGen       total 55296K, used 8922K [0x00000000a0000000, 0x00000000a3600000, 0x00000000e0000000)
  object space 55296K, 16% used [0x00000000a0000000,0x00000000a08b68b8,0x00000000a3600000)
 Metaspace       used 29134K, capacity 29668K, committed 29952K, reserved 1075200K
  class space    used 4116K, capacity 4289K, committed 4352K, reserved 1048576K
GC Heap History (10 events):
Event: 18.755 GC heap before
{Heap before GC invocations=5 (full 0):
 PSYoungGen      total 37888K, used 37872K [0x00000000e0000000, 0x00000000e2a00000, 0x0000000100000000)
  eden space 32768K, 100% used [0x00000000e0000000,0x00000000e2000000,0x00000000e2000000)
  from space 5120K, 99% used [0x00000000e2500000,0x00000000e29fc030,0x00000000e2a00000)
  to   space 5120K, 0% used [0x00000000e2000000,0x00000000e2000000,0x00000000e2500000)
 ParOldGen       total 86016K, used 4728K [0x00000000a0000000, 0x00000000a5400000, 0x00000000e0000000)
  object space 86016K, 5% used [0x00000000a0000000,0x00000000a049e148,0x00000000a5400000)
 Metaspace       used 18723K, capacity 19274K, committed 19456K, reserved 1064960K
  class space    used 2776K, capacity 2989K, committed 3072K, reserved 1048576K
Event: 18.765 GC heap after
Heap after GC invocations=5 (full 0):
 PSYoungGen      total 37376K, used 5088K [0x00000000e0000000, 0x00000000e3380000, 0x0000000100000000)
  eden space 32256K, 0% used [0x00000000e0000000,0x00000000e0000000,0x00000000e1f80000)
  from space 5120K, 99% used [0x00000000e2000000,0x00000000e24f8030,0x00000000e2500000)
  to   space 10240K, 0% used [0x00000000e2980000,0x00000000e2980000,0x00000000e3380000)
 ParOldGen       total 86016K, used 7764K [0x00000000a0000000, 0x00000000a5400000, 0x00000000e0000000)
  object space 86016K, 9% used [0x00000000a0000000,0x00000000a0795258,0x00000000a5400000)
 Metaspace       used 18723K, capacity 19274K, committed 19456K, reserved 1064960K
  class space    used 2776K, capacity 2989K, committed 3072K, reserved 1048576K
}
Event: 19.667 GC heap before
{Heap before GC invocations=6 (full 0):
 PSYoungGen      total 37376K, used 24575K [0x00000000e0000000, 0x00000000e3380000, 0x0000000100000000)
  eden space 32256K, 60% used [0x00000000e0000000,0x00000000e1307cb8,0x00000000e1f80000)
  from space 5120K, 99% used [0x00000000e2000000,0x00000000e24f8030,0x00000000e2500000)
  to   space 10240K, 0% used [0x00000000e2980000,0x00000000e2980000,0x00000000e3380000)
 ParOldGen       total 86016K, used 7764K [0x00000000a0000000, 0x00000000a5400000, 0x00000000e0000000)
  object space 86016K, 9% used [0x00000000a0000000,0x00000000a0795258,0x00000000a5400000)
 Metaspace       used 20693K, capacity 21174K, committed 21248K, reserved 1067008K
  class space    used 3066K, capacity 3254K, committed 3328K, reserved 1048576K
Event: 19.698 GC heap after
Heap after GC invocations=6 (full 0):
 PSYoungGen      total 42496K, used 7889K [0x00000000e0000000, 0x00000000e5300000, 0x0000000100000000)
  eden space 32256K, 0% used [0x00000000e0000000,0x00000000e0000000,0x00000000e1f80000)
  from space 10240K, 77% used [0x00000000e2980000,0x00000000e31347d8,0x00000000e3380000)
  to   space 10240K, 0% used [0x00000000e1f80000,0x00000000e1f80000,0x00000000e2980000)
 ParOldGen       total 86016K, used 7772K [0x00000000a0000000, 0x00000000a5400000, 0x00000000e0000000)
  object space 86016K, 9% used [0x00000000a0000000,0x00000000a0797258,0x00000000a5400000)
 Metaspace       used 20693K, capacity 21174K, committed 21248K, reserved 1067008K
  class space    used 3066K, capacity 3254K, committed 3328K, reserved 1048576K
}
Event: 19.698 GC heap before
{Heap before GC invocations=7 (full 1):
 PSYoungGen      total 42496K, used 7889K [0x00000000e0000000, 0x00000000e5300000, 0x0000000100000000)
  eden space 32256K, 0% used [0x00000000e0000000,0x00000000e0000000,0x00000000e1f80000)
  from space 10240K, 77% used [0x00000000e2980000,0x00000000e31347d8,0x00000000e3380000)
  to   space 10240K, 0% used [0x00000000e1f80000,0x00000000e1f80000,0x00000000e2980000)
 ParOldGen       total 86016K, used 7772K [0x00000000a0000000, 0x00000000a5400000, 0x00000000e0000000)
  object space 86016K, 9% used [0x00000000a0000000,0x00000000a0797258,0x00000000a5400000)
 Metaspace       used 20693K, capacity 21174K, committed 21248K, reserved 1067008K
  class space    used 3066K, capacity 3254K, committed 3328K, reserved 1048576K
Event: 19.790 GC heap after
Heap after GC invocations=7 (full 1):
 PSYoungGen      total 42496K, used 0K [0x00000000e0000000, 0x00000000e5300000, 0x0000000100000000)
  eden space 32256K, 0% used [0x00000000e0000000,0x00000000e0000000,0x00000000e1f80000)
  from space 10240K, 0% used [0x00000000e2980000,0x00000000e2980000,0x00000000e3380000)
  to   space 10240K, 0% used [0x00000000e1f80000,0x00000000e1f80000,0x00000000e2980000)
 ParOldGen       total 55296K, used 8906K [0x00000000a0000000, 0x00000000a3600000, 0x00000000e0000000)
  object space 55296K, 16% used [0x00000000a0000000,0x00000000a08b28b8,0x00000000a3600000)
 Metaspace       used 20693K, capacity 21174K, committed 21248K, reserved 1067008K
  class space    used 3066K, capacity 3254K, committed 3328K, reserved 1048576K
}
Event: 21.441 GC heap before
{Heap before GC invocations=8 (full 1):
 PSYoungGen      total 42496K, used 32256K [0x00000000e0000000, 0x00000000e5300000, 0x0000000100000000)
  eden space 32256K, 100% used [0x00000000e0000000,0x00000000e1f80000,0x00000000e1f80000)
  from space 10240K, 0% used [0x00000000e2980000,0x00000000e2980000,0x00000000e3380000)
  to   space 10240K, 0% used [0x00000000e1f80000,0x00000000e1f80000,0x00000000e2980000)
 ParOldGen       total 55296K, used 8906K [0x00000000a0000000, 0x00000000a3600000, 0x00000000e0000000)
  object space 55296K, 16% used [0x00000000a0000000,0x00000000a08b28b8,0x00000000a3600000)
 Metaspace       used 26149K, capacity 26738K, committed 26880K, reserved 1073152K
  class space    used 3609K, capacity 3806K, committed 3840K, reserved 1048576K
Event: 21.455 GC heap after
Heap after GC invocations=8 (full 1):
 PSYoungGen      total 42496K, used 4329K [0x00000000e0000000, 0x00000000e4a00000, 0x0000000100000000)
  eden space 32256K, 0% used [0x00000000e0000000,0x00000000e0000000,0x00000000e1f80000)
  from space 10240K, 42% used [0x00000000e1f80000,0x00000000e23ba648,0x00000000e2980000)
  to   space 10240K, 0% used [0x00000000e4000000,0x00000000e4000000,0x00000000e4a00000)
 ParOldGen       total 55296K, used 8914K [0x00000000a0000000, 0x00000000a3600000, 0x00000000e0000000)
  object space 55296K, 16% used [0x00000000a0000000,0x00000000a08b48b8,0x00000000a3600000)
 Metaspace       used 26149K, capacity 26738K, committed 26880K, reserved 1073152K
  class space    used 3609K, capacity 3806K, committed 3840K, reserved 1048576K
}
Event: 22.868 GC heap before
{Heap before GC invocations=9 (full 1):
 PSYoungGen      total 42496K, used 36585K [0x00000000e0000000, 0x00000000e4a00000, 0x0000000100000000)
  eden space 32256K, 100% used [0x00000000e0000000,0x00000000e1f80000,0x00000000e1f80000)
  from space 10240K, 42% used [0x00000000e1f80000,0x00000000e23ba648,0x00000000e2980000)
  to   space 10240K, 0% used [0x00000000e4000000,0x00000000e4000000,0x00000000e4a00000)
 ParOldGen       total 55296K, used 8914K [0x00000000a0000000, 0x00000000a3600000, 0x00000000e0000000)
  object space 55296K, 16% used [0x00000000a0000000,0x00000000a08b48b8,0x00000000a3600000)
 Metaspace       used 28546K, capacity 29054K, committed 29312K, reserved 1075200K
  class space    used 4017K, capacity 4192K, committed 4224K, reserved 1048576K
Event: 22.927 GC heap after
Heap after GC invocations=9 (full 1):
 PSYoungGen      total 65536K, used 5453K [0x00000000e0000000, 0x00000000e4d00000, 0x0000000100000000)
  eden space 55296K, 0% used [0x00000000e0000000,0x00000000e0000000,0x00000000e3600000)
  from space 10240K, 53% used [0x00000000e4000000,0x00000000e4553590,0x00000000e4a00000)
  to   space 10240K, 0% used [0x00000000e3600000,0x00000000e3600000,0x00000000e4000000)
 ParOldGen       total 55296K, used 8922K [0x00000000a0000000, 0x00000000a3600000, 0x00000000e0000000)
  object space 55296K, 16% used [0x00000000a0000000,0x00000000a08b68b8,0x00000000a3600000)
 Metaspace       used 28546K, capacity 29054K, committed 29312K, reserved 1075200K
  class space    used 4017K, capacity 4192K, committed 4224K, reserved 1048576K
}

