# JRE version: Java(TM) SE Runtime Environment (8.0_191-b12) (build 1.8.0_191-b12)
# Java VM: Java HotSpot(TM) 64-Bit Server VM (25.191-b12 mixed mode windows-amd64 compressed oops)
Heap:
 PSYoungGen      total 124928K, used 37934K [0x00000000e0000000, 0x00000000e8680000, 0x0000000100000000)
  eden space 115200K, 24% used [0x00000000e0000000,0x00000000e1c1e398,0x00000000e7080000)
  from space 9728K, 93% used [0x00000000e7d00000,0x00000000e85ed498,0x00000000e8680000)
  to   space 11264K, 0% used [0x00000000e7080000,0x00000000e7080000,0x00000000e7b80000)
 ParOldGen       total 52224K, used 8419K [0x00000000a0000000, 0x00000000a3300000, 0x00000000e0000000)
  object space 52224K, 16% used [0x00000000a0000000,0x00000000a0838ed8,0x00000000a3300000)
 Metaspace       used 33566K, capacity 34486K, committed 34688K, reserved 1079296K
  class space    used 4747K, capacity 4976K, committed 4992K, reserved 1048576K
GC Heap History (10 events):
Event: 10.349 GC heap before
{Heap before GC invocations=5 (full 0):
 PSYoungGen      total 37888K, used 37856K [0x00000000e0000000, 0x00000000e4a00000, 0x0000000100000000)
  eden space 32768K, 100% used [0x00000000e0000000,0x00000000e2000000,0x00000000e2000000)
  from space 5120K, 99% used [0x00000000e2500000,0x00000000e29f8020,0x00000000e2a00000)
  to   space 5120K, 0% used [0x00000000e2000000,0x00000000e2000000,0x00000000e2500000)
 ParOldGen       total 86016K, used 4788K [0x00000000a0000000, 0x00000000a5400000, 0x00000000e0000000)
  object space 86016K, 5% used [0x00000000a0000000,0x00000000a04ad2c0,0x00000000a5400000)
 Metaspace       used 19012K, capacity 19518K, committed 19712K, reserved 1067008K
  class space    used 2829K, capacity 3025K, committed 3072K, reserved 1048576K
Event: 10.367 GC heap after
Heap after GC invocations=5 (full 0):
 PSYoungGen      total 37888K, used 5104K [0x00000000e0000000, 0x00000000e5400000, 0x0000000100000000)
  eden space 32768K, 0% used [0x00000000e0000000,0x00000000e0000000,0x00000000e2000000)
  from space 5120K, 99% used [0x00000000e2000000,0x00000000e24fc040,0x00000000e2500000)
  to   space 10240K, 0% used [0x00000000e4a00000,0x00000000e4a00000,0x00000000e5400000)
 ParOldGen       total 86016K, used 8315K [0x00000000a0000000, 0x00000000a5400000, 0x00000000e0000000)
  object space 86016K, 9% used [0x00000000a0000000,0x00000000a081efe8,0x00000000a5400000)
 Metaspace       used 19012K, capacity 19518K, committed 19712K, reserved 1067008K
  class space    used 2829K, capacity 3025K, committed 3072K, reserved 1048576K
}
Event: 10.690 GC heap before
{Heap before GC invocations=6 (full 0):
 PSYoungGen      total 37888K, used 19720K [0x00000000e0000000, 0x00000000e5400000, 0x0000000100000000)
  eden space 32768K, 44% used [0x00000000e0000000,0x00000000e0e46090,0x00000000e2000000)
  from space 5120K, 99% used [0x00000000e2000000,0x00000000e24fc040,0x00000000e2500000)
  to   space 10240K, 0% used [0x00000000e4a00000,0x00000000e4a00000,0x00000000e5400000)
 ParOldGen       total 86016K, used 8315K [0x00000000a0000000, 0x00000000a5400000, 0x00000000e0000000)
  object space 86016K, 9% used [0x00000000a0000000,0x00000000a081efe8,0x00000000a5400000)
 Metaspace       used 20710K, capacity 21164K, committed 21248K, reserved 1067008K
  class space    used 3057K, capacity 3253K, committed 3328K, reserved 1048576K
Event: 10.698 GC heap after
Heap after GC invocations=6 (full 0):
 PSYoungGen      total 75776K, used 7323K [0x00000000e0000000, 0x00000000e5400000, 0x0000000100000000)
  eden space 65536K, 0% used [0x00000000e0000000,0x00000000e0000000,0x00000000e4000000)
  from space 10240K, 71% used [0x00000000e4a00000,0x00000000e5126c08,0x00000000e5400000)
  to   space 10240K, 0% used [0x00000000e4000000,0x00000000e4000000,0x00000000e4a00000)
 ParOldGen       total 86016K, used 8323K [0x00000000a0000000, 0x00000000a5400000, 0x00000000e0000000)
  object space 86016K, 9% used [0x00000000a0000000,0x00000000a0820fe8,0x00000000a5400000)
 Metaspace       used 20710K, capacity 21164K, committed 21248K, reserved 1067008K
  class space    used 3057K, capacity 3253K, committed 3328K, reserved 1048576K
}
Event: 10.698 GC heap before
{Heap before GC invocations=7 (full 1):
 PSYoungGen      total 75776K, used 7323K [0x00000000e0000000, 0x00000000e5400000, 0x0000000100000000)
  eden space 65536K, 0% used [0x00000000e0000000,0x00000000e0000000,0x00000000e4000000)
  from space 10240K, 71% used [0x00000000e4a00000,0x00000000e5126c08,0x00000000e5400000)
  to   space 10240K, 0% used [0x00000000e4000000,0x00000000e4000000,0x00000000e4a00000)
 ParOldGen       total 86016K, used 8323K [0x00000000a0000000, 0x00000000a5400000, 0x00000000e0000000)
  object space 86016K, 9% used [0x00000000a0000000,0x00000000a0820fe8,0x00000000a5400000)
 Metaspace       used 20710K, capacity 21164K, committed 21248K, reserved 1067008K
  class space    used 3057K, capacity 3253K, committed 3328K, reserved 1048576K
Event: 10.746 GC heap after
Heap after GC invocations=7 (full 1):
 PSYoungGen      total 75776K, used 0K [0x00000000e0000000, 0x00000000e5400000, 0x0000000100000000)
  eden space 65536K, 0% used [0x00000000e0000000,0x00000000e0000000,0x00000000e4000000)
  from space 10240K, 0% used [0x00000000e4a00000,0x00000000e4a00000,0x00000000e5400000)
  to   space 10240K, 0% used [0x00000000e4000000,0x00000000e4000000,0x00000000e4a00000)
 ParOldGen       total 52224K, used 8403K [0x00000000a0000000, 0x00000000a3300000, 0x00000000e0000000)
  object space 52224K, 16% used [0x00000000a0000000,0x00000000a0834ed8,0x00000000a3300000)
 Metaspace       used 20710K, capacity 21164K, committed 21248K, reserved 1067008K
  class space    used 3057K, capacity 3253K, committed 3328K, reserved 1048576K
}
Event: 11.835 GC heap before
{Heap before GC invocations=8 (full 1):
 PSYoungGen      total 75776K, used 65536K [0x00000000e0000000, 0x00000000e5400000, 0x0000000100000000)
  eden space 65536K, 100% used [0x00000000e0000000,0x00000000e4000000,0x00000000e4000000)
  from space 10240K, 0% used [0x00000000e4a00000,0x00000000e4a00000,0x00000000e5400000)
  to   space 10240K, 0% used [0x00000000e4000000,0x00000000e4000000,0x00000000e4a00000)
 ParOldGen       total 52224K, used 8403K [0x00000000a0000000, 0x00000000a3300000, 0x00000000e0000000)
  object space 52224K, 16% used [0x00000000a0000000,0x00000000a0834ed8,0x00000000a3300000)
 Metaspace       used 28465K, capacity 29044K, committed 29312K, reserved 1075200K
  class space    used 4006K, capacity 4191K, committed 4224K, reserved 1048576K
Event: 11.845 GC heap after
Heap after GC invocations=8 (full 1):
 PSYoungGen      total 75776K, used 7585K [0x00000000e0000000, 0x00000000e8700000, 0x0000000100000000)
  eden space 65536K, 0% used [0x00000000e0000000,0x00000000e0000000,0x00000000e4000000)
  from space 10240K, 74% used [0x00000000e4000000,0x00000000e47685d8,0x00000000e4a00000)
  to   space 10240K, 0% used [0x00000000e7d00000,0x00000000e7d00000,0x00000000e8700000)
 ParOldGen       total 52224K, used 8411K [0x00000000a0000000, 0x00000000a3300000, 0x00000000e0000000)
  object space 52224K, 16% used [0x00000000a0000000,0x00000000a0836ed8,0x00000000a3300000)
 Metaspace       used 28465K, capacity 29044K, committed 29312K, reserved 1075200K
  class space    used 4006K, capacity 4191K, committed 4224K, reserved 1048576K
}
Event: 22.231 GC heap before
{Heap before GC invocations=9 (full 1):
 PSYoungGen      total 75776K, used 73121K [0x00000000e0000000, 0x00000000e8700000, 0x0000000100000000)
  eden space 65536K, 100% used [0x00000000e0000000,0x00000000e4000000,0x00000000e4000000)
  from space 10240K, 74% used [0x00000000e4000000,0x00000000e47685d8,0x00000000e4a00000)
  to   space 10240K, 0% used [0x00000000e7d00000,0x00000000e7d00000,0x00000000e8700000)
 ParOldGen       total 52224K, used 8411K [0x00000000a0000000, 0x00000000a3300000, 0x00000000e0000000)
  object space 52224K, 16% used [0x00000000a0000000,0x00000000a0836ed8,0x00000000a3300000)
 Metaspace       used 31949K, capacity 32534K, committed 32768K, reserved 1077248K
  class space    used 4561K, capacity 4786K, committed 4864K, reserved 1048576K
Event: 22.266 GC heap after
Heap after GC invocations=9 (full 1):
 PSYoungGen      total 124928K, used 9141K [0x00000000e0000000, 0x00000000e8680000, 0x0000000100000000)
  eden space 115200K, 0% used [0x00000000e0000000,0x00000000e0000000,0x00000000e7080000)
  from space 9728K, 93% used [0x00000000e7d00000,0x00000000e85ed498,0x00000000e8680000)
  to   space 11264K, 0% used [0x00000000e7080000,0x00000000e7080000,0x00000000e7b80000)
 ParOldGen       total 52224K, used 8419K [0x00000000a0000000, 0x00000000a3300000, 0x00000000e0000000)
  object space 52224K, 16% used [0x00000000a0000000,0x00000000a0838ed8,0x00000000a3300000)
 Metaspace       used 31949K, capacity 32534K, committed 32768K, reserved 1077248K
  class space    used 4561K, capacity 4786K, committed 4864K, reserved 1048576K
}

