# JRE version: Java(TM) SE Runtime Environment (8.0_191-b12) (build 1.8.0_191-b12)
# Java VM: Java HotSpot(TM) 64-Bit Server VM (25.191-b12 mixed mode windows-amd64 compressed oops)
Heap:
 PSYoungGen      total 460800K, used 177748K [0x00000000e0000000, 0x00000000fe300000, 0x0000000100000000)
  eden space 442368K, 40% used [0x00000000e0000000,0x00000000ead951b8,0x00000000fb000000)
  from space 18432K, 0% used [0x00000000fd100000,0x00000000fd100000,0x00000000fe300000)
  to   space 26112K, 0% used [0x00000000fb000000,0x00000000fb000000,0x00000000fc980000)
 ParOldGen       total 147968K, used 40557K [0x00000000a0000000, 0x00000000a9080000, 0x00000000e0000000)
  object space 147968K, 27% used [0x00000000a0000000,0x00000000a279b410,0x00000000a9080000)
 Metaspace       used 94712K, capacity 97870K, committed 99456K, reserved 1136640K
  class space    used 12283K, capacity 12896K, committed 13184K, reserved 1048576K
GC Heap History (10 events):
Event: 1299.298 GC heap before
{Heap before GC invocations=30 (full 3):
 PSYoungGen      total 386560K, used 373662K [0x00000000e0000000, 0x00000000f9900000, 0x0000000100000000)
  eden space 362496K, 100% used [0x00000000e0000000,0x00000000f6200000,0x00000000f6200000)
  from space 24064K, 46% used [0x00000000f8180000,0x00000000f8c678a0,0x00000000f9900000)
  to   space 28160K, 0% used [0x00000000f6200000,0x00000000f6200000,0x00000000f7d80000)
 ParOldGen       total 109568K, used 59170K [0x00000000a0000000, 0x00000000a6b00000, 0x00000000e0000000)
  object space 109568K, 54% used [0x00000000a0000000,0x00000000a39c8bf8,0x00000000a6b00000)
 Metaspace       used 90783K, capacity 94018K, committed 94208K, reserved 1130496K
  class space    used 11797K, capacity 12440K, committed 12544K, reserved 1048576K
Event: 1299.339 GC heap after
Heap after GC invocations=30 (full 3):
 PSYoungGen      total 390656K, used 12644K [0x00000000e0000000, 0x00000000fc600000, 0x0000000100000000)
  eden space 362496K, 0% used [0x00000000e0000000,0x00000000e0000000,0x00000000f6200000)
  from space 28160K, 44% used [0x00000000f6200000,0x00000000f6e59190,0x00000000f7d80000)
  to   space 26624K, 0% used [0x00000000fac00000,0x00000000fac00000,0x00000000fc600000)
 ParOldGen       total 109568K, used 63688K [0x00000000a0000000, 0x00000000a6b00000, 0x00000000e0000000)
  object space 109568K, 58% used [0x00000000a0000000,0x00000000a3e320b8,0x00000000a6b00000)
 Metaspace       used 90783K, capacity 94018K, committed 94208K, reserved 1130496K
  class space    used 11797K, capacity 12440K, committed 12544K, reserved 1048576K
}
Event: 1302.480 GC heap before
{Heap before GC invocations=31 (full 3):
 PSYoungGen      total 390656K, used 375140K [0x00000000e0000000, 0x00000000fc600000, 0x0000000100000000)
  eden space 362496K, 100% used [0x00000000e0000000,0x00000000f6200000,0x00000000f6200000)
  from space 28160K, 44% used [0x00000000f6200000,0x00000000f6e59190,0x00000000f7d80000)
  to   space 26624K, 0% used [0x00000000fac00000,0x00000000fac00000,0x00000000fc600000)
 ParOldGen       total 109568K, used 63688K [0x00000000a0000000, 0x00000000a6b00000, 0x00000000e0000000)
  object space 109568K, 58% used [0x00000000a0000000,0x00000000a3e320b8,0x00000000a6b00000)
 Metaspace       used 90888K, capacity 94160K, committed 94464K, reserved 1130496K
  class space    used 11813K, capacity 12455K, committed 12544K, reserved 1048576K
Event: 1302.512 GC heap after
Heap after GC invocations=31 (full 3):
 PSYoungGen      total 430080K, used 16117K [0x00000000e0000000, 0x00000000fc200000, 0x0000000100000000)
  eden space 407552K, 0% used [0x00000000e0000000,0x00000000e0000000,0x00000000f8e00000)
  from space 22528K, 71% used [0x00000000fac00000,0x00000000fbbbd7a8,0x00000000fc200000)
  to   space 26624K, 0% used [0x00000000f8e00000,0x00000000f8e00000,0x00000000fa800000)
 ParOldGen       total 109568K, used 63696K [0x00000000a0000000, 0x00000000a6b00000, 0x00000000e0000000)
  object space 109568K, 58% used [0x00000000a0000000,0x00000000a3e340b8,0x00000000a6b00000)
 Metaspace       used 90888K, capacity 94160K, committed 94464K, reserved 1130496K
  class space    used 11813K, capacity 12455K, committed 12544K, reserved 1048576K
}
Event: 2975.624 GC heap before
{Heap before GC invocations=32 (full 3):
 PSYoungGen      total 430080K, used 423669K [0x00000000e0000000, 0x00000000fc200000, 0x0000000100000000)
  eden space 407552K, 100% used [0x00000000e0000000,0x00000000f8e00000,0x00000000f8e00000)
  from space 22528K, 71% used [0x00000000fac00000,0x00000000fbbbd7a8,0x00000000fc200000)
  to   space 26624K, 0% used [0x00000000f8e00000,0x00000000f8e00000,0x00000000fa800000)
 ParOldGen       total 109568K, used 63696K [0x00000000a0000000, 0x00000000a6b00000, 0x00000000e0000000)
  object space 109568K, 58% used [0x00000000a0000000,0x00000000a3e340b8,0x00000000a6b00000)
 Metaspace       used 94588K, capacity 98284K, committed 98432K, reserved 1134592K
  class space    used 12380K, capacity 13093K, committed 13184K, reserved 1048576K
Event: 2975.732 GC heap after
Heap after GC invocations=32 (full 3):
 PSYoungGen      total 434176K, used 8454K [0x00000000e0000000, 0x00000000fea80000, 0x0000000100000000)
  eden space 407552K, 0% used [0x00000000e0000000,0x00000000e0000000,0x00000000f8e00000)
  from space 26624K, 31% used [0x00000000f8e00000,0x00000000f9641b68,0x00000000fa800000)
  to   space 26112K, 0% used [0x00000000fd100000,0x00000000fd100000,0x00000000fea80000)
 ParOldGen       total 109568K, used 63704K [0x00000000a0000000, 0x00000000a6b00000, 0x00000000e0000000)
  object space 109568K, 58% used [0x00000000a0000000,0x00000000a3e360b8,0x00000000a6b00000)
 Metaspace       used 94588K, capacity 98284K, committed 98432K, reserved 1134592K
  class space    used 12380K, capacity 13093K, committed 13184K, reserved 1048576K
}
Event: 5667.612 GC heap before
{Heap before GC invocations=33 (full 3):
 PSYoungGen      total 434176K, used 58368K [0x00000000e0000000, 0x00000000fea80000, 0x0000000100000000)
  eden space 407552K, 12% used [0x00000000e0000000,0x00000000e30be640,0x00000000f8e00000)
  from space 26624K, 31% used [0x00000000f8e00000,0x00000000f9641b68,0x00000000fa800000)
  to   space 26112K, 0% used [0x00000000fd100000,0x00000000fd100000,0x00000000fea80000)
 ParOldGen       total 109568K, used 63704K [0x00000000a0000000, 0x00000000a6b00000, 0x00000000e0000000)
  object space 109568K, 58% used [0x00000000a0000000,0x00000000a3e360b8,0x00000000a6b00000)
 Metaspace       used 94800K, capacity 98478K, committed 98560K, reserved 1134592K
  class space    used 12384K, capacity 13102K, committed 13184K, reserved 1048576K
Event: 5667.634 GC heap after
Heap after GC invocations=33 (full 3):
 PSYoungGen      total 460800K, used 7267K [0x00000000e0000000, 0x00000000fe300000, 0x0000000100000000)
  eden space 442368K, 0% used [0x00000000e0000000,0x00000000e0000000,0x00000000fb000000)
  from space 18432K, 39% used [0x00000000fd100000,0x00000000fd818e20,0x00000000fe300000)
  to   space 26112K, 0% used [0x00000000fb000000,0x00000000fb000000,0x00000000fc980000)
 ParOldGen       total 109568K, used 63712K [0x00000000a0000000, 0x00000000a6b00000, 0x00000000e0000000)
  object space 109568K, 58% used [0x00000000a0000000,0x00000000a3e380b8,0x00000000a6b00000)
 Metaspace       used 94800K, capacity 98478K, committed 98560K, reserved 1134592K
  class space    used 12384K, capacity 13102K, committed 13184K, reserved 1048576K
}
Event: 5667.635 GC heap before
{Heap before GC invocations=34 (full 4):
 PSYoungGen      total 460800K, used 7267K [0x00000000e0000000, 0x00000000fe300000, 0x0000000100000000)
  eden space 442368K, 0% used [0x00000000e0000000,0x00000000e0000000,0x00000000fb000000)
  from space 18432K, 39% used [0x00000000fd100000,0x00000000fd818e20,0x00000000fe300000)
  to   space 26112K, 0% used [0x00000000fb000000,0x00000000fb000000,0x00000000fc980000)
 ParOldGen       total 109568K, used 63712K [0x00000000a0000000, 0x00000000a6b00000, 0x00000000e0000000)
  object space 109568K, 58% used [0x00000000a0000000,0x00000000a3e380b8,0x00000000a6b00000)
 Metaspace       used 94800K, capacity 98478K, committed 98560K, reserved 1134592K
  class space    used 12384K, capacity 13102K, committed 13184K, reserved 1048576K
Event: 5668.070 GC heap after
Heap after GC invocations=34 (full 4):
 PSYoungGen      total 460800K, used 0K [0x00000000e0000000, 0x00000000fe300000, 0x0000000100000000)
  eden space 442368K, 0% used [0x00000000e0000000,0x00000000e0000000,0x00000000fb000000)
  from space 18432K, 0% used [0x00000000fd100000,0x00000000fd100000,0x00000000fe300000)
  to   space 26112K, 0% used [0x00000000fb000000,0x00000000fb000000,0x00000000fc980000)
 ParOldGen       total 147968K, used 40557K [0x00000000a0000000, 0x00000000a9080000, 0x00000000e0000000)
  object space 147968K, 27% used [0x00000000a0000000,0x00000000a279b410,0x00000000a9080000)
 Metaspace       used 93816K, capacity 96746K, committed 98560K, reserved 1134592K
  class space    used 12198K, capacity 12772K, committed 13184K, reserved 1048576K
}

